pure

X_mol/X_rot0_mol_0004.npy
X_mol/X_rot1_mol_0004.npy
1.0204063642788456e-11
5.290044533854979e-12
6.5526996844158885e-12
2.7563565255792074e-14
3.03520939168076e-14
1.6462754559608756e-14
2.9392711447954443e-14
6.037535475819605e-14
1.3194775170243979e-14

X_mol/X_rot0_mol_0580.npy
X_mol/X_rot1_mol_0580.npy
2.2895776804161486e-11
5.12255871754693e-12
5.283080453594468e-12
4.288850848954818e-12
3.993523751080464e-12
5.1279987551813075e-12
3.9163860203045583e-14
1.6063645621521937e-14
5.862894934239159e-14
6.689464605438113e-14
4.174591854062108e-14
3.416301414828888e-14

X_mol/X_rot0_mol_2017.npy
X_mol/X_rot1_mol_2017.npy
5.4496441194776664e-12
1.3020553829517503e-11
1.0753265857868714e-11
1.7767864786335702e-11
5.5864507971979555e-12
1.0823336147354022e-11
3.1924652201020375e-12
5.039403088179997e-14
4.432083540211457e-14
3.363731201705684e-14
1.2485743743665232e-13
2.3673714204092458e-14
4.907388761678545e-14
2.877090084125279e-14
7.021429103899019e-14
2.9229889590222195e-14

X_mol/X_rot0_mol_2097.npy
X_mol/X_rot1_mol_2097.npy
4.116214567168774e-12
4.640713409500426e-12
6.253605564710522e-12
2.8543429131229556e-11
5.43602772916337e-12
7.024903524907592e-12
5.545228399839676e-12
2.4372539662924978e-14
2.6123666500220227e-14
4.4799588670368223e-14
1.7317431484519707e-14
6.971935459550513e-14
1.5398726309393442e-14
2.820199673342403e-14
5.212510670188133e-14
6.451334018470659e-14
4.417522622441649e-14

X_mol/X_rot0_mol_2408.npy
X_mol/X_rot1_mol_2408.npy
6.680438728348529e-12
3.970638501736163e-12
4.592068793664087e-12
8.5377366898395e-12
1.594314710584267e-11
7.207372018991012e-12
4.54864770159889e-12
2.8224885357553805e-14
2.9617550214079044e-14
1.6211064443802646e-14
3.601645871023807e-14
4.302159295861778e-14
8.801595384499619e-14
3.674282547405333e-14
4.399449679622057e-14

X_mol/X_rot0_mol_2555.npy
X_mol/X_rot1_mol_2555.npy
9.032391832798372e-12
5.623398239685365e-12
1.343165451491539e-11
1.2139889503345211e-11
1.1210703199692552e-11
3.5139268934639904e-12
4.818644349007495e-12
2.5907559512726066e-14
4.438071416319208e-14
2.8137736239488213e-14
1.4836729396101804e-14
4.796037971099117e-14
2.5780337189898965e-14
6.942016786242243e-14
6.248077439801263e-14
2.603301577842344e-14
2.997282133558754e-14
9.34338715731311e-14
4.827326200827731e-14

X_mol/X_rot0_mol_3560.npy
X_mol/X_rot1_mol_3560.npy
2.2060173965078066e-11
1.6698937131448904e-11
3.8777757552718596e-12
4.619124851051854e-12
1.0097742176213428e-11
1.1570876993750525e-11
2.8676950210463113e-11
2.028713977591613e-14
8.258135475674671e-14
3.6410981277406724e-14
4.130125403988916e-14
4.400109087674577e-14
5.258748140235967e-14

X_mol/X_rot0_mol_3651.npy
X_mol/X_rot1_mol_3651.npy
1.6723766493499053e-11
5.1620662013020544e-12
5.148051272063045e-12
1.9560329553712386e-11
1.1634011553446745e-11
3.929803059135967e-12
1.8381027956576748e-11
6.233416871276129e-14
3.4149013229072824e-14
2.6419652088334838e-14
4.688021520890719e-14
7.040407722172006e-14
3.24470496566749e-14

X_mol/X_rot0_mol_6416.npy
X_mol/X_rot1_mol_6416.npy
1.5827682477560585e-11
2.1109566338259336e-11
7.381159944114643e-12
7.71873320239717e-12
1.36905469380487e-10
5.098497545072446e-12
1.2898511850819661e-11
7.69341791489416e-14
8.255361050439624e-14
8.12836767752102e-14
1.0040748691545806e-13

X_mol/X_rot0_mol_6446.npy
X_mol/X_rot1_mol_6446.npy
1.5915243150246962e-11
1.6033163727065068e-11
1.7070647590030785e-11
6.933046800389089e-12
4.084235362057272e-10
6.310790678077419e-12
1.6519653900283854e-11
5.293102896665986e-14
5.2623279323456155e-14
6.423945670806328e-14
8.656799030984918e-14
5.799978988199514e-14
4.2975776270120224e-14

X_mol/X_rot0_mol_7057.npy
X_mol/X_rot1_mol_7057.npy
1.0656479015008414e-11
2.8934135038422358e-11
1.165801030516837e-11
7.742146571860781e-12
1.3596912916934476e-11
3.267649956787173e-12
9.561162624478093e-12
2.9202898898254866e-14
8.275944073224504e-15
2.8361229684875373e-14
1.914147001451082e-14
4.567184264126594e-14
2.171440352334926e-14
4.711847851153616e-14
2.731217980970032e-14
4.560580862055846e-14
5.034543762321436e-14
5.576176810784951e-14
4.8868643117871674e-14
9.90686068248707e-15



sad-diff

X_mol/X_rot0_mol_0004.npy
X_mol/X_rot1_mol_0004.npy
1.0204063642788456e-11
5.290044533854979e-12
6.5526996844158885e-12
2.7563565255792074e-14
3.03520939168076e-14
1.6462754559608756e-14
2.9392711447954443e-14
6.037535475819605e-14
1.3194775170243979e-14

X_mol/X_rot0_mol_0580.npy
X_mol/X_rot1_mol_0580.npy
2.2895776804161486e-11
5.12255871754693e-12
5.283080453594468e-12
4.288850848954818e-12
3.993523751080464e-12
5.1279987551813075e-12
3.9163860203045583e-14
1.6063645621521937e-14
5.862894934239159e-14
6.689464605438113e-14
4.174591854062108e-14
3.416301414828888e-14

X_mol/X_rot0_mol_2017.npy
X_mol/X_rot1_mol_2017.npy
5.4496441194776664e-12
1.3020553829517503e-11
1.0753265857868714e-11
1.7767864786335702e-11
5.5864507971979555e-12
1.0823336147354022e-11
3.1924652201020375e-12
5.039403088179997e-14
4.432083540211457e-14
3.363731201705684e-14
1.2485743743665232e-13
2.3673714204092458e-14
4.907388761678545e-14
2.877090084125279e-14
7.021429103899019e-14
2.9229889590222195e-14

X_mol/X_rot0_mol_2097.npy
X_mol/X_rot1_mol_2097.npy
4.116214567168774e-12
4.640713409500426e-12
6.253605564710522e-12
2.8543429131229556e-11
5.43602772916337e-12
7.024903524907592e-12
5.545228399839676e-12
2.4372539662924978e-14
2.6123666500220227e-14
4.4799588670368223e-14
1.7317431484519707e-14
6.971935459550513e-14
1.5398726309393442e-14
2.820199673342403e-14
5.212510670188133e-14
6.451334018470659e-14
4.417522622441649e-14

X_mol/X_rot0_mol_2408.npy
X_mol/X_rot1_mol_2408.npy
6.680438728348529e-12
3.970638501736163e-12
4.592068793664087e-12
8.5377366898395e-12
1.594314710584267e-11
7.207372018991012e-12
4.54864770159889e-12
2.8224885357553805e-14
2.9617550214079044e-14
1.6211064443802646e-14
3.601645871023807e-14
4.302159295861778e-14
8.801595384499619e-14
3.674282547405333e-14
4.399449679622057e-14

X_mol/X_rot0_mol_2555.npy
X_mol/X_rot1_mol_2555.npy
9.032391832798372e-12
5.623398239685365e-12
1.343165451491539e-11
1.2139889503345211e-11
1.1210703199692552e-11
3.5139268934639904e-12
4.818644349007495e-12
2.5907559512726066e-14
4.438071416319208e-14
2.8137736239488213e-14
1.4836729396101804e-14
4.796037971099117e-14
2.5780337189898965e-14
6.942016786242243e-14
6.248077439801263e-14
2.603301577842344e-14
2.997282133558754e-14
9.34338715731311e-14
4.827326200827731e-14

X_mol/X_rot0_mol_3560.npy
X_mol/X_rot1_mol_3560.npy
2.2060173965078066e-11
1.6698937131448904e-11
3.8777757552718596e-12
4.619124851051854e-12
1.0097742176213428e-11
1.1570876993750525e-11
2.8676950210463113e-11
2.028713977591613e-14
8.258135475674671e-14
3.6410981277406724e-14
4.130125403988916e-14
4.400109087674577e-14
5.258748140235967e-14

X_mol/X_rot0_mol_3651.npy
X_mol/X_rot1_mol_3651.npy
1.6723766493499053e-11
5.1620662013020544e-12
5.148051272063045e-12
1.9560329553712386e-11
1.1634011553446745e-11
3.929803059135967e-12
1.8381027956576748e-11
6.233416871276129e-14
3.4149013229072824e-14
2.6419652088334838e-14
4.688021520890719e-14
7.040407722172006e-14
3.24470496566749e-14

X_mol/X_rot0_mol_6416.npy
X_mol/X_rot1_mol_6416.npy
1.5827682477560585e-11
2.1109566338259336e-11
7.381159944114643e-12
7.71873320239717e-12
1.36905469380487e-10
5.098497545072446e-12
1.2898511850819661e-11
7.69341791489416e-14
8.255361050439624e-14
8.12836767752102e-14
1.0040748691545806e-13

X_mol/X_rot0_mol_6446.npy
X_mol/X_rot1_mol_6446.npy
1.5915243150246962e-11
1.6033163727065068e-11
1.7070647590030785e-11
6.933046800389089e-12
4.084235362057272e-10
6.310790678077419e-12
1.6519653900283854e-11
5.293102896665986e-14
5.2623279323456155e-14
6.423945670806328e-14
8.656799030984918e-14
5.799978988199514e-14
4.2975776270120224e-14

X_mol/X_rot0_mol_7057.npy
X_mol/X_rot1_mol_7057.npy
1.0656479015008414e-11
2.8934135038422358e-11
1.165801030516837e-11
7.742146571860781e-12
1.3596912916934476e-11
3.267649956787173e-12
9.561162624478093e-12
2.9202898898254866e-14
8.275944073224504e-15
2.8361229684875373e-14
1.914147001451082e-14
4.567184264126594e-14
2.171440352334926e-14
4.711847851153616e-14
2.731217980970032e-14
4.560580862055846e-14
5.034543762321436e-14
5.576176810784951e-14
4.8868643117871674e-14
9.90686068248707e-15



occup

X_mol/X_rot0_mol_0004.npy
X_mol/X_rot1_mol_0004.npy
1.0204063642788456e-11
5.290044533854979e-12
6.5526996844158885e-12
2.7563565255792074e-14
3.03520939168076e-14
1.6462754559608756e-14
2.9392711447954443e-14
6.037535475819605e-14
1.3194775170243979e-14

X_mol/X_rot0_mol_0580.npy
X_mol/X_rot1_mol_0580.npy
2.2895776804161486e-11
5.12255871754693e-12
5.283080453594468e-12
4.288850848954818e-12
3.993523751080464e-12
5.1279987551813075e-12
3.9163860203045583e-14
1.6063645621521937e-14
5.862894934239159e-14
6.689464605438113e-14
4.174591854062108e-14
3.416301414828888e-14

X_mol/X_rot0_mol_2017.npy
X_mol/X_rot1_mol_2017.npy
5.4496441194776664e-12
1.3020553829517503e-11
1.0753265857868714e-11
1.7767864786335702e-11
5.5864507971979555e-12
1.0823336147354022e-11
3.1924652201020375e-12
5.039403088179997e-14
4.432083540211457e-14
3.363731201705684e-14
1.2485743743665232e-13
2.3673714204092458e-14
4.907388761678545e-14
2.877090084125279e-14
7.021429103899019e-14
2.9229889590222195e-14

X_mol/X_rot0_mol_2097.npy
X_mol/X_rot1_mol_2097.npy
4.116214567168774e-12
4.640713409500426e-12
6.253605564710522e-12
2.8543429131229556e-11
5.43602772916337e-12
7.024903524907592e-12
5.545228399839676e-12
2.4372539662924978e-14
2.6123666500220227e-14
4.4799588670368223e-14
1.7317431484519707e-14
6.971935459550513e-14
1.5398726309393442e-14
2.820199673342403e-14
5.212510670188133e-14
6.451334018470659e-14
4.417522622441649e-14

X_mol/X_rot0_mol_2408.npy
X_mol/X_rot1_mol_2408.npy
6.680438728348529e-12
3.970638501736163e-12
4.592068793664087e-12
8.5377366898395e-12
1.594314710584267e-11
7.207372018991012e-12
4.54864770159889e-12
2.8224885357553805e-14
2.9617550214079044e-14
1.6211064443802646e-14
3.601645871023807e-14
4.302159295861778e-14
8.801595384499619e-14
3.674282547405333e-14
4.399449679622057e-14

X_mol/X_rot0_mol_2555.npy
X_mol/X_rot1_mol_2555.npy
9.032391832798372e-12
5.623398239685365e-12
1.343165451491539e-11
1.2139889503345211e-11
1.1210703199692552e-11
3.5139268934639904e-12
4.818644349007495e-12
2.5907559512726066e-14
4.438071416319208e-14
2.8137736239488213e-14
1.4836729396101804e-14
4.796037971099117e-14
2.5780337189898965e-14
6.942016786242243e-14
6.248077439801263e-14
2.603301577842344e-14
2.997282133558754e-14
9.34338715731311e-14
4.827326200827731e-14

X_mol/X_rot0_mol_3560.npy
X_mol/X_rot1_mol_3560.npy
2.2060173965078066e-11
1.6698937131448904e-11
3.8777757552718596e-12
4.619124851051854e-12
1.0097742176213428e-11
1.1570876993750525e-11
2.8676950210463113e-11
2.028713977591613e-14
8.258135475674671e-14
3.6410981277406724e-14
4.130125403988916e-14
4.400109087674577e-14
5.258748140235967e-14

X_mol/X_rot0_mol_3651.npy
X_mol/X_rot1_mol_3651.npy
1.6723766493499053e-11
5.1620662013020544e-12
5.148051272063045e-12
1.9560329553712386e-11
1.1634011553446745e-11
3.929803059135967e-12
1.8381027956576748e-11
6.233416871276129e-14
3.4149013229072824e-14
2.6419652088334838e-14
4.688021520890719e-14
7.040407722172006e-14
3.24470496566749e-14

X_mol/X_rot0_mol_6416.npy
X_mol/X_rot1_mol_6416.npy
1.5827682477560585e-11
2.1109566338259336e-11
7.381159944114643e-12
7.71873320239717e-12
1.36905469380487e-10
5.098497545072446e-12
1.2898511850819661e-11
7.69341791489416e-14
8.255361050439624e-14
8.12836767752102e-14
1.0040748691545806e-13

X_mol/X_rot0_mol_6446.npy
X_mol/X_rot1_mol_6446.npy
1.5915243150246962e-11
1.6033163727065068e-11
1.7070647590030785e-11
6.933046800389089e-12
4.084235362057272e-10
6.310790678077419e-12
1.6519653900283854e-11
5.293102896665986e-14
5.2623279323456155e-14
6.423945670806328e-14
8.656799030984918e-14
5.799978988199514e-14
4.2975776270120224e-14

X_mol/X_rot0_mol_7057.npy
X_mol/X_rot1_mol_7057.npy
1.0656479015008414e-11
2.8934135038422358e-11
1.165801030516837e-11
7.742146571860781e-12
1.3596912916934476e-11
3.267649956787173e-12
9.561162624478093e-12
2.9202898898254866e-14
8.275944073224504e-15
2.8361229684875373e-14
1.914147001451082e-14
4.567184264126594e-14
2.171440352334926e-14
4.711847851153616e-14
2.731217980970032e-14
4.560580862055846e-14
5.034543762321436e-14
5.576176810784951e-14
4.8868643117871674e-14
9.90686068248707e-15



lowdin-short

X_mol/X_rot0_mol_0004.npy
X_mol/X_rot1_mol_0004.npy
1.0204063642788456e-11
5.290044533854979e-12
6.5526996844158885e-12
2.7563565255792074e-14
3.03520939168076e-14
1.6462754559608756e-14
2.9392711447954443e-14
6.037535475819605e-14
1.3194775170243979e-14

X_mol/X_rot0_mol_0580.npy
X_mol/X_rot1_mol_0580.npy
2.2895776804161486e-11
5.12255871754693e-12
5.283080453594468e-12
4.288850848954818e-12
3.993523751080464e-12
5.1279987551813075e-12
3.9163860203045583e-14
1.6063645621521937e-14
5.862894934239159e-14
6.689464605438113e-14
4.174591854062108e-14
3.416301414828888e-14

X_mol/X_rot0_mol_2017.npy
X_mol/X_rot1_mol_2017.npy
5.4496441194776664e-12
1.3020553829517503e-11
1.0753265857868714e-11
1.7767864786335702e-11
5.5864507971979555e-12
1.0823336147354022e-11
3.1924652201020375e-12
5.039403088179997e-14
4.432083540211457e-14
3.363731201705684e-14
1.2485743743665232e-13
2.3673714204092458e-14
4.907388761678545e-14
2.877090084125279e-14
7.021429103899019e-14
2.9229889590222195e-14

X_mol/X_rot0_mol_2097.npy
X_mol/X_rot1_mol_2097.npy
4.116214567168774e-12
4.640713409500426e-12
6.253605564710522e-12
2.8543429131229556e-11
5.43602772916337e-12
7.024903524907592e-12
5.545228399839676e-12
2.4372539662924978e-14
2.6123666500220227e-14
4.4799588670368223e-14
1.7317431484519707e-14
6.971935459550513e-14
1.5398726309393442e-14
2.820199673342403e-14
5.212510670188133e-14
6.451334018470659e-14
4.417522622441649e-14

X_mol/X_rot0_mol_2408.npy
X_mol/X_rot1_mol_2408.npy
6.680438728348529e-12
3.970638501736163e-12
4.592068793664087e-12
8.5377366898395e-12
1.594314710584267e-11
7.207372018991012e-12
4.54864770159889e-12
2.8224885357553805e-14
2.9617550214079044e-14
1.6211064443802646e-14
3.601645871023807e-14
4.302159295861778e-14
8.801595384499619e-14
3.674282547405333e-14
4.399449679622057e-14

X_mol/X_rot0_mol_2555.npy
X_mol/X_rot1_mol_2555.npy
9.032391832798372e-12
5.623398239685365e-12
1.343165451491539e-11
1.2139889503345211e-11
1.1210703199692552e-11
3.5139268934639904e-12
4.818644349007495e-12
2.5907559512726066e-14
4.438071416319208e-14
2.8137736239488213e-14
1.4836729396101804e-14
4.796037971099117e-14
2.5780337189898965e-14
6.942016786242243e-14
6.248077439801263e-14
2.603301577842344e-14
2.997282133558754e-14
9.34338715731311e-14
4.827326200827731e-14

X_mol/X_rot0_mol_3560.npy
X_mol/X_rot1_mol_3560.npy
2.2060173965078066e-11
1.6698937131448904e-11
3.8777757552718596e-12
4.619124851051854e-12
1.0097742176213428e-11
1.1570876993750525e-11
2.8676950210463113e-11
2.028713977591613e-14
8.258135475674671e-14
3.6410981277406724e-14
4.130125403988916e-14
4.400109087674577e-14
5.258748140235967e-14

X_mol/X_rot0_mol_3651.npy
X_mol/X_rot1_mol_3651.npy
1.6723766493499053e-11
5.1620662013020544e-12
5.148051272063045e-12
1.9560329553712386e-11
1.1634011553446745e-11
3.929803059135967e-12
1.8381027956576748e-11
6.233416871276129e-14
3.4149013229072824e-14
2.6419652088334838e-14
4.688021520890719e-14
7.040407722172006e-14
3.24470496566749e-14

X_mol/X_rot0_mol_6416.npy
X_mol/X_rot1_mol_6416.npy
1.5827682477560585e-11
2.1109566338259336e-11
7.381159944114643e-12
7.71873320239717e-12
1.36905469380487e-10
5.098497545072446e-12
1.2898511850819661e-11
7.69341791489416e-14
8.255361050439624e-14
8.12836767752102e-14
1.0040748691545806e-13

X_mol/X_rot0_mol_6446.npy
X_mol/X_rot1_mol_6446.npy
1.5915243150246962e-11
1.6033163727065068e-11
1.7070647590030785e-11
6.933046800389089e-12
4.084235362057272e-10
6.310790678077419e-12
1.6519653900283854e-11
5.293102896665986e-14
5.2623279323456155e-14
6.423945670806328e-14
8.656799030984918e-14
5.799978988199514e-14
4.2975776270120224e-14

X_mol/X_rot0_mol_7057.npy
X_mol/X_rot1_mol_7057.npy
1.0656479015008414e-11
2.8934135038422358e-11
1.165801030516837e-11
7.742146571860781e-12
1.3596912916934476e-11
3.267649956787173e-12
9.561162624478093e-12
2.9202898898254866e-14
8.275944073224504e-15
2.8361229684875373e-14
1.914147001451082e-14
4.567184264126594e-14
2.171440352334926e-14
4.711847851153616e-14
2.731217980970032e-14
4.560580862055846e-14
5.034543762321436e-14
5.576176810784951e-14
4.8868643117871674e-14
9.90686068248707e-15



lowdin-long

X_mol/X_rot0_mol_0004.npy
X_mol/X_rot1_mol_0004.npy
1.0204063642788456e-11
5.290044533854979e-12
6.5526996844158885e-12
2.7563565255792074e-14
3.03520939168076e-14
1.6462754559608756e-14
2.9392711447954443e-14
6.037535475819605e-14
1.3194775170243979e-14

X_mol/X_rot0_mol_0580.npy
X_mol/X_rot1_mol_0580.npy
2.2895776804161486e-11
5.12255871754693e-12
5.283080453594468e-12
4.288850848954818e-12
3.993523751080464e-12
5.1279987551813075e-12
3.9163860203045583e-14
1.6063645621521937e-14
5.862894934239159e-14
6.689464605438113e-14
4.174591854062108e-14
3.416301414828888e-14

X_mol/X_rot0_mol_2017.npy
X_mol/X_rot1_mol_2017.npy
5.4496441194776664e-12
1.3020553829517503e-11
1.0753265857868714e-11
1.7767864786335702e-11
5.5864507971979555e-12
1.0823336147354022e-11
3.1924652201020375e-12
5.039403088179997e-14
4.432083540211457e-14
3.363731201705684e-14
1.2485743743665232e-13
2.3673714204092458e-14
4.907388761678545e-14
2.877090084125279e-14
7.021429103899019e-14
2.9229889590222195e-14

X_mol/X_rot0_mol_2097.npy
X_mol/X_rot1_mol_2097.npy
4.116214567168774e-12
4.640713409500426e-12
6.253605564710522e-12
2.8543429131229556e-11
5.43602772916337e-12
7.024903524907592e-12
5.545228399839676e-12
2.4372539662924978e-14
2.6123666500220227e-14
4.4799588670368223e-14
1.7317431484519707e-14
6.971935459550513e-14
1.5398726309393442e-14
2.820199673342403e-14
5.212510670188133e-14
6.451334018470659e-14
4.417522622441649e-14

X_mol/X_rot0_mol_2408.npy
X_mol/X_rot1_mol_2408.npy
6.680438728348529e-12
3.970638501736163e-12
4.592068793664087e-12
8.5377366898395e-12
1.594314710584267e-11
7.207372018991012e-12
4.54864770159889e-12
2.8224885357553805e-14
2.9617550214079044e-14
1.6211064443802646e-14
3.601645871023807e-14
4.302159295861778e-14
8.801595384499619e-14
3.674282547405333e-14
4.399449679622057e-14

X_mol/X_rot0_mol_2555.npy
X_mol/X_rot1_mol_2555.npy
9.032391832798372e-12
5.623398239685365e-12
1.343165451491539e-11
1.2139889503345211e-11
1.1210703199692552e-11
3.5139268934639904e-12
4.818644349007495e-12
2.5907559512726066e-14
4.438071416319208e-14
2.8137736239488213e-14
1.4836729396101804e-14
4.796037971099117e-14
2.5780337189898965e-14
6.942016786242243e-14
6.248077439801263e-14
2.603301577842344e-14
2.997282133558754e-14
9.34338715731311e-14
4.827326200827731e-14

X_mol/X_rot0_mol_3560.npy
X_mol/X_rot1_mol_3560.npy
2.2060173965078066e-11
1.6698937131448904e-11
3.8777757552718596e-12
4.619124851051854e-12
1.0097742176213428e-11
1.1570876993750525e-11
2.8676950210463113e-11
2.028713977591613e-14
8.258135475674671e-14
3.6410981277406724e-14
4.130125403988916e-14
4.400109087674577e-14
5.258748140235967e-14

X_mol/X_rot0_mol_3651.npy
X_mol/X_rot1_mol_3651.npy
1.6723766493499053e-11
5.1620662013020544e-12
5.148051272063045e-12
1.9560329553712386e-11
1.1634011553446745e-11
3.929803059135967e-12
1.8381027956576748e-11
6.233416871276129e-14
3.4149013229072824e-14
2.6419652088334838e-14
4.688021520890719e-14
7.040407722172006e-14
3.24470496566749e-14

X_mol/X_rot0_mol_6416.npy
X_mol/X_rot1_mol_6416.npy
1.5827682477560585e-11
2.1109566338259336e-11
7.381159944114643e-12
7.71873320239717e-12
1.36905469380487e-10
5.098497545072446e-12
1.2898511850819661e-11
7.69341791489416e-14
8.255361050439624e-14
8.12836767752102e-14
1.0040748691545806e-13

X_mol/X_rot0_mol_6446.npy
X_mol/X_rot1_mol_6446.npy
1.5915243150246962e-11
1.6033163727065068e-11
1.7070647590030785e-11
6.933046800389089e-12
4.084235362057272e-10
6.310790678077419e-12
1.6519653900283854e-11
5.293102896665986e-14
5.2623279323456155e-14
6.423945670806328e-14
8.656799030984918e-14
5.799978988199514e-14
4.2975776270120224e-14

X_mol/X_rot0_mol_7057.npy
X_mol/X_rot1_mol_7057.npy
1.0656479015008414e-11
2.8934135038422358e-11
1.165801030516837e-11
7.742146571860781e-12
1.3596912916934476e-11
3.267649956787173e-12
9.561162624478093e-12
2.9202898898254866e-14
8.275944073224504e-15
2.8361229684875373e-14
1.914147001451082e-14
4.567184264126594e-14
2.171440352334926e-14
4.711847851153616e-14
2.731217980970032e-14
4.560580862055846e-14
5.034543762321436e-14
5.576176810784951e-14
4.8868643117871674e-14
9.90686068248707e-15



lowdin-short-x

X_mol/X_rot0_mol_0004.npy
X_mol/X_rot1_mol_0004.npy
1.0204063642788456e-11
5.290044533854979e-12
6.5526996844158885e-12
2.7563565255792074e-14
3.03520939168076e-14
1.6462754559608756e-14
2.9392711447954443e-14
6.037535475819605e-14
1.3194775170243979e-14

X_mol/X_rot0_mol_0580.npy
X_mol/X_rot1_mol_0580.npy
2.2895776804161486e-11
5.12255871754693e-12
5.283080453594468e-12
4.288850848954818e-12
3.993523751080464e-12
5.1279987551813075e-12
3.9163860203045583e-14
1.6063645621521937e-14
5.862894934239159e-14
6.689464605438113e-14
4.174591854062108e-14
3.416301414828888e-14

X_mol/X_rot0_mol_2017.npy
X_mol/X_rot1_mol_2017.npy
5.4496441194776664e-12
1.3020553829517503e-11
1.0753265857868714e-11
1.7767864786335702e-11
5.5864507971979555e-12
1.0823336147354022e-11
3.1924652201020375e-12
5.039403088179997e-14
4.432083540211457e-14
3.363731201705684e-14
1.2485743743665232e-13
2.3673714204092458e-14
4.907388761678545e-14
2.877090084125279e-14
7.021429103899019e-14
2.9229889590222195e-14

X_mol/X_rot0_mol_2097.npy
X_mol/X_rot1_mol_2097.npy
4.116214567168774e-12
4.640713409500426e-12
6.253605564710522e-12
2.8543429131229556e-11
5.43602772916337e-12
7.024903524907592e-12
5.545228399839676e-12
2.4372539662924978e-14
2.6123666500220227e-14
4.4799588670368223e-14
1.7317431484519707e-14
6.971935459550513e-14
1.5398726309393442e-14
2.820199673342403e-14
5.212510670188133e-14
6.451334018470659e-14
4.417522622441649e-14

X_mol/X_rot0_mol_2408.npy
X_mol/X_rot1_mol_2408.npy
6.680438728348529e-12
3.970638501736163e-12
4.592068793664087e-12
8.5377366898395e-12
1.594314710584267e-11
7.207372018991012e-12
4.54864770159889e-12
2.8224885357553805e-14
2.9617550214079044e-14
1.6211064443802646e-14
3.601645871023807e-14
4.302159295861778e-14
8.801595384499619e-14
3.674282547405333e-14
4.399449679622057e-14

X_mol/X_rot0_mol_2555.npy
X_mol/X_rot1_mol_2555.npy
9.032391832798372e-12
5.623398239685365e-12
1.343165451491539e-11
1.2139889503345211e-11
1.1210703199692552e-11
3.5139268934639904e-12
4.818644349007495e-12
2.5907559512726066e-14
4.438071416319208e-14
2.8137736239488213e-14
1.4836729396101804e-14
4.796037971099117e-14
2.5780337189898965e-14
6.942016786242243e-14
6.248077439801263e-14
2.603301577842344e-14
2.997282133558754e-14
9.34338715731311e-14
4.827326200827731e-14

X_mol/X_rot0_mol_3560.npy
X_mol/X_rot1_mol_3560.npy
2.2060173965078066e-11
1.6698937131448904e-11
3.8777757552718596e-12
4.619124851051854e-12
1.0097742176213428e-11
1.1570876993750525e-11
2.8676950210463113e-11
2.028713977591613e-14
8.258135475674671e-14
3.6410981277406724e-14
4.130125403988916e-14
4.400109087674577e-14
5.258748140235967e-14

X_mol/X_rot0_mol_3651.npy
X_mol/X_rot1_mol_3651.npy
1.6723766493499053e-11
5.1620662013020544e-12
5.148051272063045e-12
1.9560329553712386e-11
1.1634011553446745e-11
3.929803059135967e-12
1.8381027956576748e-11
6.233416871276129e-14
3.4149013229072824e-14
2.6419652088334838e-14
4.688021520890719e-14
7.040407722172006e-14
3.24470496566749e-14

X_mol/X_rot0_mol_6416.npy
X_mol/X_rot1_mol_6416.npy
1.5827682477560585e-11
2.1109566338259336e-11
7.381159944114643e-12
7.71873320239717e-12
1.36905469380487e-10
5.098497545072446e-12
1.2898511850819661e-11
7.69341791489416e-14
8.255361050439624e-14
8.12836767752102e-14
1.0040748691545806e-13

X_mol/X_rot0_mol_6446.npy
X_mol/X_rot1_mol_6446.npy
1.5915243150246962e-11
1.6033163727065068e-11
1.7070647590030785e-11
6.933046800389089e-12
4.084235362057272e-10
6.310790678077419e-12
1.6519653900283854e-11
5.293102896665986e-14
5.2623279323456155e-14
6.423945670806328e-14
8.656799030984918e-14
5.799978988199514e-14
4.2975776270120224e-14

X_mol/X_rot0_mol_7057.npy
X_mol/X_rot1_mol_7057.npy
1.0656479015008414e-11
2.8934135038422358e-11
1.165801030516837e-11
7.742146571860781e-12
1.3596912916934476e-11
3.267649956787173e-12
9.561162624478093e-12
2.9202898898254866e-14
8.275944073224504e-15
2.8361229684875373e-14
1.914147001451082e-14
4.567184264126594e-14
2.171440352334926e-14
4.711847851153616e-14
2.731217980970032e-14
4.560580862055846e-14
5.034543762321436e-14
5.576176810784951e-14
4.8868643117871674e-14
9.90686068248707e-15



lowdin-long-x

X_mol/X_rot0_mol_0004.npy
X_mol/X_rot1_mol_0004.npy
1.0204063642788456e-11
5.290044533854979e-12
6.5526996844158885e-12
2.7563565255792074e-14
3.03520939168076e-14
1.6462754559608756e-14
2.9392711447954443e-14
6.037535475819605e-14
1.3194775170243979e-14

X_mol/X_rot0_mol_0580.npy
X_mol/X_rot1_mol_0580.npy
2.2895776804161486e-11
5.12255871754693e-12
5.283080453594468e-12
4.288850848954818e-12
3.993523751080464e-12
5.1279987551813075e-12
3.9163860203045583e-14
1.6063645621521937e-14
5.862894934239159e-14
6.689464605438113e-14
4.174591854062108e-14
3.416301414828888e-14

X_mol/X_rot0_mol_2017.npy
X_mol/X_rot1_mol_2017.npy
5.4496441194776664e-12
1.3020553829517503e-11
1.0753265857868714e-11
1.7767864786335702e-11
5.5864507971979555e-12
1.0823336147354022e-11
3.1924652201020375e-12
5.039403088179997e-14
4.432083540211457e-14
3.363731201705684e-14
1.2485743743665232e-13
2.3673714204092458e-14
4.907388761678545e-14
2.877090084125279e-14
7.021429103899019e-14
2.9229889590222195e-14

X_mol/X_rot0_mol_2097.npy
X_mol/X_rot1_mol_2097.npy
4.116214567168774e-12
4.640713409500426e-12
6.253605564710522e-12
2.8543429131229556e-11
5.43602772916337e-12
7.024903524907592e-12
5.545228399839676e-12
2.4372539662924978e-14
2.6123666500220227e-14
4.4799588670368223e-14
1.7317431484519707e-14
6.971935459550513e-14
1.5398726309393442e-14
2.820199673342403e-14
5.212510670188133e-14
6.451334018470659e-14
4.417522622441649e-14

X_mol/X_rot0_mol_2408.npy
X_mol/X_rot1_mol_2408.npy
6.680438728348529e-12
3.970638501736163e-12
4.592068793664087e-12
8.5377366898395e-12
1.594314710584267e-11
7.207372018991012e-12
4.54864770159889e-12
2.8224885357553805e-14
2.9617550214079044e-14
1.6211064443802646e-14
3.601645871023807e-14
4.302159295861778e-14
8.801595384499619e-14
3.674282547405333e-14
4.399449679622057e-14

X_mol/X_rot0_mol_2555.npy
X_mol/X_rot1_mol_2555.npy
9.032391832798372e-12
5.623398239685365e-12
1.343165451491539e-11
1.2139889503345211e-11
1.1210703199692552e-11
3.5139268934639904e-12
4.818644349007495e-12
2.5907559512726066e-14
4.438071416319208e-14
2.8137736239488213e-14
1.4836729396101804e-14
4.796037971099117e-14
2.5780337189898965e-14
6.942016786242243e-14
6.248077439801263e-14
2.603301577842344e-14
2.997282133558754e-14
9.34338715731311e-14
4.827326200827731e-14

X_mol/X_rot0_mol_3560.npy
X_mol/X_rot1_mol_3560.npy
2.2060173965078066e-11
1.6698937131448904e-11
3.8777757552718596e-12
4.619124851051854e-12
1.0097742176213428e-11
1.1570876993750525e-11
2.8676950210463113e-11
2.028713977591613e-14
8.258135475674671e-14
3.6410981277406724e-14
4.130125403988916e-14
4.400109087674577e-14
5.258748140235967e-14

X_mol/X_rot0_mol_3651.npy
X_mol/X_rot1_mol_3651.npy
1.6723766493499053e-11
5.1620662013020544e-12
5.148051272063045e-12
1.9560329553712386e-11
1.1634011553446745e-11
3.929803059135967e-12
1.8381027956576748e-11
6.233416871276129e-14
3.4149013229072824e-14
2.6419652088334838e-14
4.688021520890719e-14
7.040407722172006e-14
3.24470496566749e-14

X_mol/X_rot0_mol_6416.npy
X_mol/X_rot1_mol_6416.npy
1.5827682477560585e-11
2.1109566338259336e-11
7.381159944114643e-12
7.71873320239717e-12
1.36905469380487e-10
5.098497545072446e-12
1.2898511850819661e-11
7.69341791489416e-14
8.255361050439624e-14
8.12836767752102e-14
1.0040748691545806e-13

X_mol/X_rot0_mol_6446.npy
X_mol/X_rot1_mol_6446.npy
1.5915243150246962e-11
1.6033163727065068e-11
1.7070647590030785e-11
6.933046800389089e-12
4.084235362057272e-10
6.310790678077419e-12
1.6519653900283854e-11
5.293102896665986e-14
5.2623279323456155e-14
6.423945670806328e-14
8.656799030984918e-14
5.799978988199514e-14
4.2975776270120224e-14

X_mol/X_rot0_mol_7057.npy
X_mol/X_rot1_mol_7057.npy
1.0656479015008414e-11
2.8934135038422358e-11
1.165801030516837e-11
7.742146571860781e-12
1.3596912916934476e-11
3.267649956787173e-12
9.561162624478093e-12
2.9202898898254866e-14
8.275944073224504e-15
2.8361229684875373e-14
1.914147001451082e-14
4.567184264126594e-14
2.171440352334926e-14
4.711847851153616e-14
2.731217980970032e-14
4.560580862055846e-14
5.034543762321436e-14
5.576176810784951e-14
4.8868643117871674e-14
9.90686068248707e-15



